<?xml version="1.0" encoding="UTF-8"?>
<!-- Generated by org.testng.reporters.JUnitReportReporter -->
<testsuite hostname="DESKTOP-LL2RGL5" failures="0" tests="2" name="com.sir.Raa5" time="65.099" errors="0" timestamp="2021-07-26T22:25:16 IST" skipped="0">
  <testcase classname="com.sir.Raa5" name="freeCrmTitleTest" time="36.388"/>
  <system-out/>
  <testcase classname="com.sir.Raa5" name="freemCRMLogoTest" time="28.711"/>
  <system-out/>
</testsuite> <!-- com.sir.Raa5 -->
